[debug] [2023-11-02T17:27:33.419Z] ----------------------------------------------------------------------
[debug] [2023-11-02T17:27:33.421Z] Command:       C:\Program Files\nodejs\node.exe C:\Users\reub\AppData\Roaming\npm\node_modules\firebase-tools\lib\bin\firebase.js init functions
[debug] [2023-11-02T17:27:33.421Z] CLI Version:   12.8.0
[debug] [2023-11-02T17:27:33.421Z] Platform:      win32
[debug] [2023-11-02T17:27:33.421Z] Node Version:  v19.6.0
[debug] [2023-11-02T17:27:33.421Z] Time:          Thu Nov 02 2023 22:57:33 GMT+0530 (India Standard Time)
[debug] [2023-11-02T17:27:33.421Z] ----------------------------------------------------------------------
[debug] 
[debug] [2023-11-02T17:27:33.426Z] > command requires scopes: ["email","openid","https://www.googleapis.com/auth/cloudplatformprojects.readonly","https://www.googleapis.com/auth/firebase","https://www.googleapis.com/auth/cloud-platform"]
[debug] [2023-11-02T17:27:33.426Z] > authorizing via signed-in user (reuben.sj2003@gmail.com)
[info] 
     ######## #### ########  ######## ########     ###     ######  ########
     ##        ##  ##     ## ##       ##     ##  ##   ##  ##       ##
     ######    ##  ########  ######   ########  #########  ######  ######
     ##        ##  ##    ##  ##       ##     ## ##     ##       ## ##
     ##       #### ##     ## ######## ########  ##     ##  ######  ########

You're about to initialize a Firebase project in this directory:

  C:\Reuben's Code's\NPM\React\react-firebase-chat

Before we get started, keep in mind:

  * You are currently outside your home directory

[info] 
=== Project Setup
[info] 
[info] First, let's associate this project directory with a Firebase project.
[info] You can create multiple project aliases by running firebase use --add, 
[info] but for now we'll just set up a default project.
[info] 
[info] i  If you want to create a project in a Google Cloud organization or folder, please use "firebase projects:create" instead, and return to this command when you've created the project. 
[debug] [2023-11-02T17:28:12.200Z] >>> [apiv2][query] POST https://cloudresourcemanager.googleapis.com/v1/projects [none]
[debug] [2023-11-02T17:28:12.200Z] >>> [apiv2][body] POST https://cloudresourcemanager.googleapis.com/v1/projects {"projectId":"firebase-profanity-function","name":"firebase-profanity-function"}
[debug] [2023-11-02T17:28:14.025Z] <<< [apiv2][status] POST https://cloudresourcemanager.googleapis.com/v1/projects 200
[debug] [2023-11-02T17:28:14.025Z] <<< [apiv2][body] POST https://cloudresourcemanager.googleapis.com/v1/projects {"name":"operations/cp.9140049100320806748"}
[debug] [2023-11-02T17:28:14.025Z] >>> [apiv2][query] GET https://cloudresourcemanager.googleapis.com/v1/operations/cp.9140049100320806748 [none]
[debug] [2023-11-02T17:28:15.467Z] <<< [apiv2][status] GET https://cloudresourcemanager.googleapis.com/v1/operations/cp.9140049100320806748 200
[debug] [2023-11-02T17:28:15.467Z] <<< [apiv2][body] GET https://cloudresourcemanager.googleapis.com/v1/operations/cp.9140049100320806748 {"name":"operations/cp.9140049100320806748"}
[debug] [2023-11-02T17:28:15.971Z] [Project Creation Poller] Retrying task index 0
[debug] [2023-11-02T17:28:15.971Z] >>> [apiv2][query] GET https://cloudresourcemanager.googleapis.com/v1/operations/cp.9140049100320806748 [none]
[debug] [2023-11-02T17:28:16.525Z] <<< [apiv2][status] GET https://cloudresourcemanager.googleapis.com/v1/operations/cp.9140049100320806748 200
[debug] [2023-11-02T17:28:16.525Z] <<< [apiv2][body] GET https://cloudresourcemanager.googleapis.com/v1/operations/cp.9140049100320806748 {"name":"operations/cp.9140049100320806748","metadata":{"@type":"type.googleapis.com/google.cloudresourcemanager.v1.ProjectCreationStatus","gettable":true}}
[debug] [2023-11-02T17:28:17.525Z] [Project Creation Poller] Retrying task index 0
[debug] [2023-11-02T17:28:17.525Z] >>> [apiv2][query] GET https://cloudresourcemanager.googleapis.com/v1/operations/cp.9140049100320806748 [none]
[debug] [2023-11-02T17:28:18.085Z] <<< [apiv2][status] GET https://cloudresourcemanager.googleapis.com/v1/operations/cp.9140049100320806748 200
[debug] [2023-11-02T17:28:18.085Z] <<< [apiv2][body] GET https://cloudresourcemanager.googleapis.com/v1/operations/cp.9140049100320806748 {"name":"operations/cp.9140049100320806748","metadata":{"@type":"type.googleapis.com/google.cloudresourcemanager.v1.ProjectCreationStatus","gettable":true,"ready":true},"done":true,"response":{"@type":"type.googleapis.com/google.cloudresourcemanager.v1.Project","projectNumber":"899590978537","projectId":"firebase-profanity-function","lifecycleState":"ACTIVE","name":"firebase-profanity-function","createTime":"2023-11-02T17:28:15.636Z"}}
[debug] [2023-11-02T17:28:18.087Z] >>> [apiv2][query] POST https://firebase.googleapis.com/v1beta1/projects/firebase-profanity-function:addFirebase [none]
[debug] [2023-11-02T17:28:29.189Z] <<< [apiv2][status] POST https://firebase.googleapis.com/v1beta1/projects/firebase-profanity-function:addFirebase 403
[debug] [2023-11-02T17:28:29.189Z] <<< [apiv2][body] POST https://firebase.googleapis.com/v1beta1/projects/firebase-profanity-function:addFirebase {"error":{"code":403,"message":"The caller does not have permission","status":"PERMISSION_DENIED"}}
[debug] [2023-11-02T17:28:29.190Z] HTTP Error: 403, The caller does not have permission
[debug] [2023-11-02T17:28:29.481Z] FirebaseError: HTTP Error: 403, The caller does not have permission
    at responseToError (C:\Users\reub\AppData\Roaming\npm\node_modules\firebase-tools\lib\responseToError.js:49:12)
    at RetryOperation._fn (C:\Users\reub\AppData\Roaming\npm\node_modules\firebase-tools\lib\apiv2.js:285:77)
    at process.processTicksAndRejections (node:internal/process/task_queues:95:5)
[error] 
[error] Error: Failed to add Firebase to Google Cloud Platform project. See firebase-debug.log for more info.
